<?xml version="1.0" encoding="UTF-8"?>
<testsuite xmlns:xsi="http://www.w3.org/2001/XMLSchema-instance" xsi:noNamespaceSchemaLocation="https://maven.apache.org/surefire/maven-surefire-plugin/xsd/surefire-test-report-3.0.xsd" version="3.0" name="com.atomicnorth.hrm.tenant.service.interview.InterviewTypeServiceTest" time="0.028" tests="3" errors="0" skipped="0" failures="0">
  <properties>
[...]
</properties>
  <testcase name="testGetInterviewTypeById_found" classname="com.atomicnorth.hrm.tenant.service.interview.InterviewTypeServiceTest" time="0.013"/>
  <testcase name="testGetAllInterviewType" classname="com.atomicnorth.hrm.tenant.service.interview.InterviewTypeServiceTest" time="0.008"/>
  <testcase name="testFindInterviewTypeNameAndId" classname="com.atomicnorth.hrm.tenant.service.interview.InterviewTypeServiceTest" time="0.005"/>
</testsuite>